#
# A fatal error has been detected by the Java Runtime Environment:
#
#  EXCEPTION_ACCESS_VIOLATION (0xc0000005) at pc=0x000007fecc09dc20, pid=5020, tid=4912
#
# JRE version: Java(TM) SE Runtime Environment (8.0_25-b18) (build 1.8.0_25-b18)
# Java VM: Java HotSpot(TM) 64-Bit Server VM (25.25-b02 mixed mode windows-amd64 compressed oops)
# Problematic frame:
# C  [librdi_runsbase.dll+0xdc20]
#
# Failed to write core dump. Minidumps are not enabled by default on client versions of Windows
#
# If you would like to submit a bug report, please visit:
#   http://bugreport.sun.com/bugreport/crash.jsp
# The crash happened outside the Java Virtual Machine in native code.
# See problematic frame for where to report the bug.
#

---------------  T H R E A D  ---------------

Current thread (0x00000000284a5800):  JavaThread "Update Runs" [_thread_in_native, id=4912, stack(0x000000002ac60000,0x000000002b160000)]

siginfo: ExceptionCode=0xc0000005, reading address 0x0000000000000028

Registers:
RAX=0x0000000000000001, RBX=0x0000000000000000, RCX=0x0000000000000000, RDX=0x000000002b15e5c8
RSP=0x000000002b15e848, RBP=0x000000002b15e950, RSI=0x0000000029acc320, RDI=0x0000000000000000
R8 =0x000000000a92f048, R9 =0x000007feed444490, R10=0x000000002851a7f6, R11=0x00004e3f00080009
R12=0x0000000000000009, R13=0x0000000000000009, R14=0x0000000029b50980, R15=0x0000000004d2a8a0
RIP=0x000007fecc09dc20, EFLAGS=0x0000000000010206

Top of Stack: (sp=0x000000002b15e848)
0x000000002b15e848:   000007fecb82aca7 0000000029b50980
0x000000002b15e858:   0000000029b50a18 0000000000000000
0x000000002b15e868:   0000000029acb7e0 5625e7d600000000
0x000000002b15e878:   000000002b15ea30 0000000021fba000
0x000000002b15e888:   000000002b15e9b0 0000000006efafe0
0x000000002b15e898:   fffffffffffffffe 0000000001d60020
0x000000002b15e8a8:   0000000000000040 0000000000000000
0x000000002b15e8b8:   00000000284bb580 0000000021fba000
0x000000002b15e8c8:   000007feed3b2394 000000002b15ebf0
0x000000002b15e8d8:   000007fee20e7345 0000000000000040
0x000000002b15e8e8:   0000000000000000 0000000000000000
0x000000002b15e8f8:   000007feed3bafc0 fffffffffffffffe
0x000000002b15e908:   000000002b15ea30 0000000000000000
0x000000002b15e918:   0000000000000000 0000000000000031
0x000000002b15e928:   0000000021fbaa80 0000000000000031
0x000000002b15e938:   000007fee20e94c3 000000002b15ea08 

Instructions: (pc=0x000007fecc09dc20)
0x000007fecc09dc00:   33 cc e8 b9 89 01 00 48 8b 9c 24 90 00 00 00 48
0x000007fecc09dc10:   83 c4 60 5f 5e 5d c3 cc cc cc cc cc cc cc cc cc
0x000007fecc09dc20:   48 8b 41 28 c3 cc cc cc cc cc cc cc cc cc cc cc
0x000007fecc09dc30:   40 53 48 83 ec 20 48 8d 59 58 48 8b c2 48 8b d3 


Register to memory mapping:

RAX=0x0000000000000001 is an unknown value
RBX=0x0000000000000000 is an unknown value
RCX=0x0000000000000000 is an unknown value
RDX=0x000000002b15e5c8 is pointing into the stack for thread: 0x00000000284a5800
RSP=0x000000002b15e848 is pointing into the stack for thread: 0x00000000284a5800
RBP=0x000000002b15e950 is pointing into the stack for thread: 0x00000000284a5800
RSI=0x0000000029acc320 is an unknown value
RDI=0x0000000000000000 is an unknown value
R8 =0x000000000a92f048 is an unknown value
R9 =0x000007feed444490 is an unknown value
R10=0x000000002851a7f6 is an unknown value
R11=0x00004e3f00080009 is an unknown value
R12=0x0000000000000009 is an unknown value
R13=0x0000000000000009 is an unknown value
R14=0x0000000029b50980 is an unknown value
R15=0x0000000004d2a8a0 is an unknown value


Stack: [0x000000002ac60000,0x000000002b160000],  sp=0x000000002b15e848,  free space=5114k
Native frames: (J=compiled Java code, j=interpreted, Vv=VM code, C=native code)
C  [librdi_runsbase.dll+0xdc20]

Java frames: (J=compiled Java code, j=interpreted, Vv=VM code)
J 11970  ui.project.projecti.ProjStateHelper_getBlingString(J)Ljava/lang/String; (0 bytes) @ 0x0000000012454c01 [0x0000000012454bc0+0x41]
J 11968 C1 ui.data.experiment.k.aKw()V (22 bytes) @ 0x0000000012b455b4 [0x0000000012b453a0+0x214]
j  ui.data.experiment.l.ct()Ljava/lang/Object;+53
j  ui.frmwork.r.run()V+15
j  java.lang.Thread.run()V+11
v  ~StubRoutines::call_stub

---------------  P R O C E S S  ---------------

Java Threads: ( => current thread )
  0x000000002c6ff800 JavaThread "Resetting Runs" [_thread_in_native, id=1928, stack(0x0000000035820000,0x0000000035d20000)]
  0x000000002d65a800 JavaThread "Image Fetcher 0" daemon [_thread_blocked, id=4832, stack(0x00000000352e0000,0x00000000357e0000)]
  0x0000000027022000 JavaThread "Refresh links" [_thread_blocked, id=2972, stack(0x0000000034660000,0x0000000034b60000)]
  0x0000000032167000 JavaThread "Refresh GTs" [_thread_blocked, id=3124, stack(0x00000000340b0000,0x00000000345b0000)]
  0x000000002c0f6800 JavaThread "Monitor File Timestamp" [_thread_blocked, id=4624, stack(0x0000000033a50000,0x0000000033f50000)]
  0x00000000294d3000 JavaThread "hw_ila_monitor" [_thread_blocked, id=4800, stack(0x000000002b4d0000,0x000000002b9d0000)]
=>0x00000000284a5800 JavaThread "Update Runs" [_thread_in_native, id=4912, stack(0x000000002ac60000,0x000000002b160000)]
  0x0000000025af6000 JavaThread "Refresh Filesets" [_thread_blocked, id=2668, stack(0x000000002a590000,0x000000002aa90000)]
  0x0000000006600800 JavaThread "Swing-Shell" daemon [_thread_blocked, id=4996, stack(0x0000000028800000,0x0000000028d00000)]
  0x0000000026917800 JavaThread "Monitor File Timestamp" [_thread_blocked, id=5072, stack(0x0000000027c50000,0x0000000028150000)]
  0x0000000006f5f000 JavaThread "AWT-EventQueue-1" [_thread_blocked, id=4984, stack(0x0000000025000000,0x0000000025500000)]
  0x0000000006f5c000 JavaThread "Process Messages" [_thread_blocked, id=4540, stack(0x00000000249d0000,0x0000000024ed0000)]
  0x0000000006f76800 JavaThread "Thread-3" [_thread_in_native, id=1692, stack(0x00000000027b0000,0x0000000003bb0000)]
  0x0000000011f06000 JavaThread "AWT-EventQueue-0" [_thread_blocked, id=3260, stack(0x00000000243e0000,0x00000000248e0000)]
  0x0000000011ef1800 JavaThread "AWT-Windows" daemon [_thread_in_native, id=4452, stack(0x0000000023d10000,0x0000000024210000)]
  0x0000000011ee5000 JavaThread "AWT-Shutdown" [_thread_blocked, id=3024, stack(0x0000000023710000,0x0000000023c10000)]
  0x0000000011ed0800 JavaThread "Java2D Disposer" daemon [_thread_blocked, id=2100, stack(0x00000000230f0000,0x00000000235f0000)]
  0x000000002165f800 JavaThread "TimerQueue" daemon [_thread_blocked, id=4808, stack(0x0000000021710000,0x0000000021c10000)]
  0x00000000098c7800 JavaThread "Service Thread" daemon [_thread_blocked, id=3320, stack(0x0000000011720000,0x0000000011c20000)]
  0x00000000085ba000 JavaThread "C1 CompilerThread2" daemon [_thread_blocked, id=4708, stack(0x0000000010a00000,0x0000000010b00000)]
  0x00000000085b1000 JavaThread "C2 CompilerThread1" daemon [_thread_blocked, id=4956, stack(0x000000000a770000,0x000000000a870000)]
  0x00000000085bb800 JavaThread "C2 CompilerThread0" daemon [_thread_blocked, id=4232, stack(0x000000000a4f0000,0x000000000a5f0000)]
  0x00000000085bc800 JavaThread "Attach Listener" daemon [_thread_blocked, id=4940, stack(0x0000000011180000,0x0000000011680000)]
  0x00000000085bd800 JavaThread "Signal Dispatcher" daemon [_thread_blocked, id=4864, stack(0x0000000010b50000,0x0000000011050000)]
  0x000000000854c000 JavaThread "Finalizer" daemon [_thread_blocked, id=3004, stack(0x0000000009f40000,0x000000000a440000)]
  0x000000000854d000 JavaThread "Reference Handler" daemon [_thread_blocked, id=4712, stack(0x00000000099a0000,0x0000000009ea0000)]
  0x0000000006fa5000 JavaThread "main" [_thread_blocked, id=4536, stack(0x00000000071f0000,0x00000000072f0000)]

Other Threads:
  0x0000000007191000 VMThread [stack: 0x0000000008770000,0x0000000008870000] [id=4264]
  0x00000000098c6800 WatcherThread [stack: 0x0000000011cf0000,0x0000000011df0000] [id=4256]

VM state:not at safepoint (normal execution)

VM Mutex/Monitor currently owned by a thread: None

Heap:
 PSYoungGen      total 57344K, used 39989K [0x00000007bc400000, 0x00000007c0000000, 0x00000007c0000000)
  eden space 52736K, 70% used [0x00000007bc400000,0x00000007be826078,0x00000007bf780000)
  from space 4608K, 64% used [0x00000007bfb80000,0x00000007bfe67388,0x00000007c0000000)
  to   space 4096K, 0% used [0x00000007bf780000,0x00000007bf780000,0x00000007bfb80000)
 ParOldGen       total 180736K, used 44440K [0x0000000700000000, 0x000000070b080000, 0x00000007bc400000)
  object space 180736K, 24% used [0x0000000700000000,0x0000000702b661c0,0x000000070b080000)
 Metaspace       used 54969K, capacity 55317K, committed 55808K, reserved 1097728K
  class space    used 7764K, capacity 7847K, committed 7936K, reserved 1048576K

Card table byte_map: [0x00000000076b0000,0x0000000007cc0000] byte_map_base: 0x0000000003eb0000

Marking Bits: (ParMarkBitMap*) 0x000000006dfbd490
 Begin Bits: [0x000000000a990000, 0x000000000d990000)
 End Bits:   [0x000000000d990000, 0x0000000010990000)

Polling page: 0x0000000001c80000

CodeCache: size=245760Kb used=40465Kb max_used=40858Kb free=205294Kb
 bounds [0x0000000012270000, 0x0000000014aa0000, 0x0000000021270000]
 total_blobs=11258 nmethods=10446 adapters=719
 compilation: enabled

Compilation events (10 events):
Event: 1971.325 Thread 0x00000000085ba000 13376   !   3       com.jidesoft.grid.CellStyleTableHeader::updateUI (118 bytes)
Event: 1971.326 Thread 0x00000000085ba000 nmethod 13376 0x00000000140a9610 code [0x00000000140a99a0, 0x00000000140ab568]
Event: 1971.326 Thread 0x00000000085ba000 13377       3       com.jidesoft.plaf.windows.WindowsSortableTableHeaderUI::<init> (5 bytes)
Event: 1971.326 Thread 0x00000000085ba000 nmethod 13377 0x00000000129d0d90 code [0x00000000129d0f20, 0x00000000129d12d0]
Event: 1971.326 Thread 0x00000000085ba000 13378       3       com.jidesoft.swing.HeaderBox::updateUI (20 bytes)
Event: 1971.326 Thread 0x00000000085ba000 nmethod 13378 0x0000000014a76bd0 code [0x0000000014a76de0, 0x0000000014a77428]
Event: 1971.329 Thread 0x00000000085b1000 nmethod 13371 0x0000000013887c50 code [0x0000000013887de0, 0x0000000013888478]
Event: 1971.331 Thread 0x00000000085b1000 13379       4       com.jidesoft.plaf.UIDefaultsLookup::getFont (21 bytes)
Event: 1971.331 Thread 0x00000000085b1000 nmethod 13379 0x0000000012aa8690 code [0x0000000012aa87e0, 0x0000000012aa8868]
Event: 1971.332 Thread 0x00000000085bb800 nmethod 13367 0x000000001446add0 code [0x000000001446b0c0, 0x000000001446c810]

GC Heap History (10 events):
Event: 1966.429 GC heap before
{Heap before GC invocations=102 (full 6):
 PSYoungGen      total 56832K, used 56252K [0x00000007bc400000, 0x00000007c0000000, 0x00000007c0000000)
  eden space 52224K, 100% used [0x00000007bc400000,0x00000007bf700000,0x00000007bf700000)
  from space 4608K, 87% used [0x00000007bf700000,0x00000007bfaef388,0x00000007bfb80000)
  to   space 4608K, 0% used [0x00000007bfb80000,0x00000007bfb80000,0x00000007c0000000)
 ParOldGen       total 180736K, used 44144K [0x0000000700000000, 0x000000070b080000, 0x00000007bc400000)
  object space 180736K, 24% used [0x0000000700000000,0x0000000702b1c1a0,0x000000070b080000)
 Metaspace       used 54948K, capacity 55317K, committed 55808K, reserved 1097728K
  class space    used 7763K, capacity 7847K, committed 7936K, reserved 1048576K
Event: 1966.432 GC heap after
Heap after GC invocations=102 (full 6):
 PSYoungGen      total 56832K, used 2812K [0x00000007bc400000, 0x00000007c0000000, 0x00000007c0000000)
  eden space 52224K, 0% used [0x00000007bc400000,0x00000007bc400000,0x00000007bf700000)
  from space 4608K, 61% used [0x00000007bfb80000,0x00000007bfe3f388,0x00000007c0000000)
  to   space 4608K, 0% used [0x00000007bf700000,0x00000007bf700000,0x00000007bfb80000)
 ParOldGen       total 180736K, used 44144K [0x0000000700000000, 0x000000070b080000, 0x00000007bc400000)
  object space 180736K, 24% used [0x0000000700000000,0x0000000702b1c1a0,0x000000070b080000)
 Metaspace       used 54948K, capacity 55317K, committed 55808K, reserved 1097728K
  class space    used 7763K, capacity 7847K, committed 7936K, reserved 1048576K
}
Event: 1966.886 GC heap before
{Heap before GC invocations=103 (full 6):
 PSYoungGen      total 56832K, used 55036K [0x00000007bc400000, 0x00000007c0000000, 0x00000007c0000000)
  eden space 52224K, 100% used [0x00000007bc400000,0x00000007bf700000,0x00000007bf700000)
  from space 4608K, 61% used [0x00000007bfb80000,0x00000007bfe3f388,0x00000007c0000000)
  to   space 4608K, 0% used [0x00000007bf700000,0x00000007bf700000,0x00000007bfb80000)
 ParOldGen       total 180736K, used 44144K [0x0000000700000000, 0x000000070b080000, 0x00000007bc400000)
  object space 180736K, 24% used [0x0000000700000000,0x0000000702b1c1a0,0x000000070b080000)
 Metaspace       used 54948K, capacity 55317K, committed 55808K, reserved 1097728K
  class space    used 7763K, capacity 7847K, committed 7936K, reserved 1048576K
Event: 1966.889 GC heap after
Heap after GC invocations=103 (full 6):
 PSYoungGen      total 56832K, used 2876K [0x00000007bc400000, 0x00000007c0000000, 0x00000007c0000000)
  eden space 52224K, 0% used [0x00000007bc400000,0x00000007bc400000,0x00000007bf700000)
  from space 4608K, 62% used [0x00000007bf700000,0x00000007bf9cf388,0x00000007bfb80000)
  to   space 4608K, 0% used [0x00000007bfb80000,0x00000007bfb80000,0x00000007c0000000)
 ParOldGen       total 180736K, used 44144K [0x0000000700000000, 0x000000070b080000, 0x00000007bc400000)
  object space 180736K, 24% used [0x0000000700000000,0x0000000702b1c1a0,0x000000070b080000)
 Metaspace       used 54948K, capacity 55317K, committed 55808K, reserved 1097728K
  class space    used 7763K, capacity 7847K, committed 7936K, reserved 1048576K
}
Event: 1967.312 GC heap before
{Heap before GC invocations=104 (full 6):
 PSYoungGen      total 56832K, used 55100K [0x00000007bc400000, 0x00000007c0000000, 0x00000007c0000000)
  eden space 52224K, 100% used [0x00000007bc400000,0x00000007bf700000,0x00000007bf700000)
  from space 4608K, 62% used [0x00000007bf700000,0x00000007bf9cf388,0x00000007bfb80000)
  to   space 4608K, 0% used [0x00000007bfb80000,0x00000007bfb80000,0x00000007c0000000)
 ParOldGen       total 180736K, used 44144K [0x0000000700000000, 0x000000070b080000, 0x00000007bc400000)
  object space 180736K, 24% used [0x0000000700000000,0x0000000702b1c1a0,0x000000070b080000)
 Metaspace       used 54952K, capacity 55317K, committed 55808K, reserved 1097728K
  class space    used 7763K, capacity 7847K, committed 7936K, reserved 1048576K
Event: 1967.315 GC heap after
Heap after GC invocations=104 (full 6):
 PSYoungGen      total 56832K, used 3265K [0x00000007bc400000, 0x00000007c0000000, 0x00000007c0000000)
  eden space 52224K, 0% used [0x00000007bc400000,0x00000007bc400000,0x00000007bf700000)
  from space 4608K, 70% used [0x00000007bfb80000,0x00000007bfeb0470,0x00000007c0000000)
  to   space 4608K, 0% used [0x00000007bf700000,0x00000007bf700000,0x00000007bfb80000)
 ParOldGen       total 180736K, used 44280K [0x0000000700000000, 0x000000070b080000, 0x00000007bc400000)
  object space 180736K, 24% used [0x0000000700000000,0x0000000702b3e1b0,0x000000070b080000)
 Metaspace       used 54952K, capacity 55317K, committed 55808K, reserved 1097728K
  class space    used 7763K, capacity 7847K, committed 7936K, reserved 1048576K
}
Event: 1968.305 GC heap before
{Heap before GC invocations=105 (full 6):
 PSYoungGen      total 56832K, used 55489K [0x00000007bc400000, 0x00000007c0000000, 0x00000007c0000000)
  eden space 52224K, 100% used [0x00000007bc400000,0x00000007bf700000,0x00000007bf700000)
  from space 4608K, 70% used [0x00000007bfb80000,0x00000007bfeb0470,0x00000007c0000000)
  to   space 4608K, 0% used [0x00000007bf700000,0x00000007bf700000,0x00000007bfb80000)
 ParOldGen       total 180736K, used 44280K [0x0000000700000000, 0x000000070b080000, 0x00000007bc400000)
  object space 180736K, 24% used [0x0000000700000000,0x0000000702b3e1b0,0x000000070b080000)
 Metaspace       used 54952K, capacity 55317K, committed 55808K, reserved 1097728K
  class space    used 7763K, capacity 7847K, committed 7936K, reserved 1048576K
Event: 1968.308 GC heap after
Heap after GC invocations=105 (full 6):
 PSYoungGen      total 56832K, used 2940K [0x00000007bc400000, 0x00000007c0000000, 0x00000007c0000000)
  eden space 52224K, 0% used [0x00000007bc400000,0x00000007bc400000,0x00000007bf700000)
  from space 4608K, 63% used [0x00000007bf700000,0x00000007bf9df388,0x00000007bfb80000)
  to   space 4608K, 0% used [0x00000007bfb80000,0x00000007bfb80000,0x00000007c0000000)
 ParOldGen       total 180736K, used 44368K [0x0000000700000000, 0x000000070b080000, 0x00000007bc400000)
  object space 180736K, 24% used [0x0000000700000000,0x0000000702b541b0,0x000000070b080000)
 Metaspace       used 54952K, capacity 55317K, committed 55808K, reserved 1097728K
  class space    used 7763K, capacity 7847K, committed 7936K, reserved 1048576K
}
Event: 1969.898 GC heap before
{Heap before GC invocations=106 (full 6):
 PSYoungGen      total 56832K, used 55164K [0x00000007bc400000, 0x00000007c0000000, 0x00000007c0000000)
  eden space 52224K, 100% used [0x00000007bc400000,0x00000007bf700000,0x00000007bf700000)
  from space 4608K, 63% used [0x00000007bf700000,0x00000007bf9df388,0x00000007bfb80000)
  to   space 4608K, 0% used [0x00000007bfb80000,0x00000007bfb80000,0x00000007c0000000)
 ParOldGen       total 180736K, used 44368K [0x0000000700000000, 0x000000070b080000, 0x00000007bc400000)
  object space 180736K, 24% used [0x0000000700000000,0x0000000702b541b0,0x000000070b080000)
 Metaspace       used 54957K, capacity 55317K, committed 55808K, reserved 1097728K
  class space    used 7763K, capacity 7847K, committed 7936K, reserved 1048576K
Event: 1969.902 GC heap after
Heap after GC invocations=106 (full 6):
 PSYoungGen      total 57344K, used 2972K [0x00000007bc400000, 0x00000007c0000000, 0x00000007c0000000)
  eden space 52736K, 0% used [0x00000007bc400000,0x00000007bc400000,0x00000007bf780000)
  from space 4608K, 64% used [0x00000007bfb80000,0x00000007bfe67388,0x00000007c0000000)
  to   space 4096K, 0% used [0x00000007bf780000,0x00000007bf780000,0x00000007bfb80000)
 ParOldGen       total 180736K, used 44440K [0x0000000700000000, 0x000000070b080000, 0x00000007bc400000)
  object space 180736K, 24% used [0x0000000700000000,0x0000000702b661c0,0x000000070b080000)
 Metaspace       used 54957K, capacity 55317K, committed 55808K, reserved 1097728K
  class space    used 7763K, capacity 7847K, committed 7936K, reserved 1048576K
}

Deoptimization events (10 events):
Event: 1447.531 Thread 0x0000000006f5f000 Uncommon trap: reason=unreached action=reinterpret pc=0x000000001329b454 method=sun.awt.GlobalCursorManager._updateCursor(Z)V @ 135
Event: 1480.471 Thread 0x0000000006f5f000 Uncommon trap: reason=range_check action=make_not_entrant pc=0x000000001492f638 method=java.awt.image.DirectColorModel.getRedMask()I @ 5
Event: 1484.089 Thread 0x0000000006f5f000 Uncommon trap: reason=null_check action=make_not_entrant pc=0x00000000143fc4dc method=javax.swing.RepaintManager.getVolatileOffscreenBuffer(Ljava/awt/Component;II)Ljava/awt/Image; @ 172
Event: 1484.089 Thread 0x0000000006f5f000 Uncommon trap: reason=unreached action=reinterpret pc=0x0000000014335c18 method=sun.awt.image.SunVolatileImage.getFont()Ljava/awt/Font; @ 19
Event: 1555.637 Thread 0x0000000006f5f000 Uncommon trap: reason=class_check action=maybe_recompile pc=0x00000000144684f0 method=java.awt.Component.dispatchEventImpl(Ljava/awt/AWTEvent;)V @ 473
Event: 1555.637 Thread 0x0000000006f5f000 Uncommon trap: reason=class_check action=maybe_recompile pc=0x000000001447b954 method=java.awt.Component.processEvent(Ljava/awt/AWTEvent;)V @ 121
Event: 1555.637 Thread 0x0000000006f5f000 Uncommon trap: reason=class_check action=maybe_recompile pc=0x0000000012a7c4d4 method=javax.swing.ActionMap.get(Ljava/lang/Object;)Ljavax/swing/Action; @ 38
Event: 1555.717 Thread 0x0000000006f5f000 Uncommon trap: reason=class_check action=maybe_recompile pc=0x00000000144684f0 method=java.awt.Component.dispatchEventImpl(Ljava/awt/AWTEvent;)V @ 473
Event: 1968.365 Thread 0x0000000006f5f000 Uncommon trap: reason=unreached action=reinterpret pc=0x00000000148d2a60 method=ui.views.r.b.f.eCK()Lui/views/r/b/ah; @ 67
Event: 1968.365 Thread 0x0000000006f5f000 Uncommon trap: reason=unreached action=reinterpret pc=0x00000000148d2a60 method=ui.views.r.b.f.eCK()Lui/views/r/b/ah; @ 67

Internal exceptions (10 events):
Event: 1370.623 Thread 0x0000000006f5f000 Exception <a 'java/io/FileNotFoundException'> (0x00000007bd765dd0) thrown at [D:\re\workspace\8-2-build-windows-amd64-cygwin\jdk8u25\1677\hotspot\src\share\vm\prims\jni.cpp, line 716]
Event: 1375.631 Thread 0x0000000006f5f000 Exception <a 'java/io/FileNotFoundException'> (0x00000007bd834360) thrown at [D:\re\workspace\8-2-build-windows-amd64-cygwin\jdk8u25\1677\hotspot\src\share\vm\prims\jni.cpp, line 716]
Event: 1380.628 Thread 0x0000000006f5f000 Exception <a 'java/io/FileNotFoundException'> (0x00000007bd8dcf28) thrown at [D:\re\workspace\8-2-build-windows-amd64-cygwin\jdk8u25\1677\hotspot\src\share\vm\prims\jni.cpp, line 716]
Event: 1385.636 Thread 0x0000000006f5f000 Exception <a 'java/io/FileNotFoundException'> (0x00000007bd9bd5b0) thrown at [D:\re\workspace\8-2-build-windows-amd64-cygwin\jdk8u25\1677\hotspot\src\share\vm\prims\jni.cpp, line 716]
Event: 1390.643 Thread 0x0000000006f5f000 Exception <a 'java/io/FileNotFoundException'> (0x00000007bdab76b0) thrown at [D:\re\workspace\8-2-build-windows-amd64-cygwin\jdk8u25\1677\hotspot\src\share\vm\prims\jni.cpp, line 716]
Event: 1395.651 Thread 0x0000000006f5f000 Exception <a 'java/io/FileNotFoundException'> (0x00000007bdb79030) thrown at [D:\re\workspace\8-2-build-windows-amd64-cygwin\jdk8u25\1677\hotspot\src\share\vm\prims\jni.cpp, line 716]
Event: 1400.658 Thread 0x0000000006f5f000 Exception <a 'java/io/FileNotFoundException'> (0x00000007bdc5bb10) thrown at [D:\re\workspace\8-2-build-windows-amd64-cygwin\jdk8u25\1677\hotspot\src\share\vm\prims\jni.cpp, line 716]
Event: 1405.674 Thread 0x0000000006f5f000 Exception <a 'java/io/FileNotFoundException'> (0x00000007bdd41608) thrown at [D:\re\workspace\8-2-build-windows-amd64-cygwin\jdk8u25\1677\hotspot\src\share\vm\prims\jni.cpp, line 716]
Event: 1447.531 Thread 0x0000000006f5f000 Implicit null exception at 0x000000001329a993 to 0x000000001329b443
Event: 1971.209 Thread 0x0000000006f5f000 Exception <a 'java/security/PrivilegedActionException'> (0x00000007be2454e0) thrown at [D:\re\workspace\8-2-build-windows-amd64-cygwin\jdk8u25\1677\hotspot\src\share\vm\prims\jvm.cpp, line 1312]

Events (10 events):
Event: 1968.397 Executing VM operation: BulkRevokeBias done
Event: 1969.898 Executing VM operation: ParallelGCFailedAllocation
Event: 1969.902 Executing VM operation: ParallelGCFailedAllocation done
Event: 1970.279 Executing VM operation: RevokeBias
Event: 1970.279 Executing VM operation: RevokeBias done
Event: 1971.209 loading class ui/views/b/bS
Event: 1971.209 loading class ui/views/b/bS done
Event: 1971.210 Thread 0x000000002c6ff800 Thread added: 0x000000002c6ff800
Event: 1971.210 Executing VM operation: RevokeBias
Event: 1971.211 Executing VM operation: RevokeBias done


Dynamic libraries:
0x000000013f330000 - 0x000000013f36d000 	C:\Labsoft\Xilinx\Vivado\2015.2\bin\unwrapped\win64.o\vivado.exe
0x0000000076f40000 - 0x00000000770e9000 	C:\Windows\SYSTEM32\ntdll.dll
0x0000000076e20000 - 0x0000000076f40000 	C:\Windows\system32\kernel32.dll
0x000007fefd000000 - 0x000007fefd06c000 	C:\Windows\system32\KERNELBASE.dll
0x000000000a900000 - 0x000000000a98d000 	C:\Labsoft\Xilinx\Vivado\2015.2\lib\win64.o\SHSMP64.dll
0x0000000076d20000 - 0x0000000076e1a000 	C:\Windows\system32\USER32.dll
0x000007fefe070000 - 0x000007fefe0d7000 	C:\Windows\system32\GDI32.dll
0x000007fefdf40000 - 0x000007fefdf4e000 	C:\Windows\system32\LPK.dll
0x000007fefd4d0000 - 0x000007fefd599000 	C:\Windows\system32\USP10.dll
0x000007fefdea0000 - 0x000007fefdf3f000 	C:\Windows\system32\msvcrt.dll
0x000007fefd370000 - 0x000007fefd44b000 	C:\Windows\system32\ADVAPI32.dll
0x000007fefd5a0000 - 0x000007fefd5bf000 	C:\Windows\SYSTEM32\sechost.dll
0x000007fefda90000 - 0x000007fefdbbd000 	C:\Windows\system32\RPCRT4.dll
0x000007fefbd70000 - 0x000007fefbd7c000 	C:\Windows\system32\VERSION.dll
0x000007fef6e00000 - 0x000007fef6e13000 	C:\Labsoft\Xilinx\Vivado\2015.2\lib\win64.o\libboost_signals.dll
0x000007feed490000 - 0x000007feed537000 	C:\Windows\system32\MSVCP110.dll
0x000007feed3b0000 - 0x000007feed484000 	C:\Windows\system32\MSVCR110.dll
0x000007fee20e0000 - 0x000007fee2a23000 	C:\Labsoft\Xilinx\Vivado\2015.2\lib\win64.o\librdi_common.dll
0x000007fee1e30000 - 0x000007fee20d8000 	C:\Labsoft\Xilinx\Vivado\2015.2\lib\win64.o\libCOIN-all.dll
0x000007fee1c10000 - 0x000007fee1e30000 	C:\Labsoft\Xilinx\Vivado\2015.2\lib\win64.o\libXil_lmgr11.dll
0x000007fefa490000 - 0x000007fefa4a6000 	C:\Windows\system32\NETAPI32.dll
0x000007fefc110000 - 0x000007fefc11c000 	C:\Windows\system32\netutils.dll
0x000007fefc880000 - 0x000007fefc8a3000 	C:\Windows\system32\srvcli.dll
0x000007fefa470000 - 0x000007fefa485000 	C:\Windows\system32\wkscli.dll
0x000007fefdf50000 - 0x000007fefdfe7000 	C:\Windows\system32\COMDLG32.dll
0x000007fefdff0000 - 0x000007fefe061000 	C:\Windows\system32\SHLWAPI.dll
0x000007fef9a30000 - 0x000007fef9ad0000 	C:\Windows\WinSxS\amd64_microsoft.windows.common-controls_6595b64144ccf1df_5.82.7601.18837_none_a4d981ff711297b6\COMCTL32.dll
0x000007fefe3b0000 - 0x000007feff139000 	C:\Windows\system32\SHELL32.dll
0x000007fef3400000 - 0x000007fef3409000 	C:\Windows\system32\WSOCK32.dll
0x000007fefd5c0000 - 0x000007fefd60d000 	C:\Windows\system32\WS2_32.dll
0x000007fefde90000 - 0x000007fefde98000 	C:\Windows\system32\NSI.dll
0x000007fefe0e0000 - 0x000007fefe1b7000 	C:\Windows\system32\OLEAUT32.dll
0x000007fefdbc0000 - 0x000007fefddc3000 	C:\Windows\system32\ole32.dll
0x000007fefcfc0000 - 0x000007fefcffb000 	C:\Windows\system32\WINTRUST.dll
0x000007fefcdb0000 - 0x000007fefcf1d000 	C:\Windows\system32\CRYPT32.dll
0x000007fefccf0000 - 0x000007fefccff000 	C:\Windows\system32\MSASN1.dll
0x000007fef6e30000 - 0x000007fef6e40000 	C:\Labsoft\Xilinx\Vivado\2015.2\lib\win64.o\libboost_date_time.dll
0x000007fef0ff0000 - 0x000007fef1012000 	C:\Labsoft\Xilinx\Vivado\2015.2\lib\win64.o\libboost_filesystem.dll
0x000007fef9810000 - 0x000007fef9819000 	C:\Labsoft\Xilinx\Vivado\2015.2\lib\win64.o\libboost_system.dll
0x000007fef0f70000 - 0x000007fef0fe4000 	C:\Labsoft\Xilinx\Vivado\2015.2\lib\win64.o\libboost_program_options.dll
0x000007fef0e70000 - 0x000007fef0f6a000 	C:\Labsoft\Xilinx\Vivado\2015.2\lib\win64.o\libboost_regex.dll
0x000007fef1120000 - 0x000007fef113d000 	C:\Labsoft\Xilinx\Vivado\2015.2\lib\win64.o\libboost_thread.dll
0x000007fef6e20000 - 0x000007fef6e2b000 	C:\Labsoft\Xilinx\Vivado\2015.2\lib\win64.o\libboost_chrono.dll
0x000007feeb1a0000 - 0x000007feeb220000 	C:\Labsoft\Xilinx\Vivado\2015.2\lib\win64.o\libhdlpsolve.dll
0x000007fee2fb0000 - 0x000007fee304a000 	C:\Labsoft\Xilinx\Vivado\2015.2\lib\win64.o\libhdxml.dll
0x000007fee1600000 - 0x000007fee1c0a200 	C:\Labsoft\Xilinx\Vivado\2015.2\lib\win64.o\libisl_iostreams.dll
0x000007fef1320000 - 0x000007fef1336000 	C:\Labsoft\Xilinx\Vivado\2015.2\lib\win64.o\libboost_iostreams.dll
0x000007fef0e40000 - 0x000007fef0e63000 	C:\Labsoft\Xilinx\Vivado\2015.2\lib\win64.o\librdizlib.dll
0x000007feeb3d0000 - 0x000007feeb3f3000 	C:\Labsoft\Xilinx\Vivado\2015.2\lib\win64.o\libisl_iosutils.dll
0x000007feeb270000 - 0x000007feeb29a000 	C:\Labsoft\Xilinx\Vivado\2015.2\lib\win64.o\libisl_sysinfo.dll
0x000000006d7e0000 - 0x000000006e03a000 	C:\Labsoft\Xilinx\Vivado\2015.2\tps\win64\jre\bin\server\jvm.dll
0x000007fef93e0000 - 0x000007fef941b000 	C:\Windows\system32\WINMM.dll
0x0000000077100000 - 0x0000000077107000 	C:\Windows\system32\PSAPI.DLL
0x0000000073630000 - 0x0000000073702000 	C:\Windows\system32\MSVCR100.dll
0x000007feeb250000 - 0x000007feeb265000 	C:\Labsoft\Xilinx\Vivado\2015.2\lib\win64.o\pthreadVC2.dll
0x000007fee3090000 - 0x000007fee30e4000 	C:\Labsoft\Xilinx\Vivado\2015.2\lib\win64.o\librdi_commonxillic.dll
0x000007fee14d0000 - 0x000007fee1600000 	C:\Labsoft\Xilinx\Vivado\2015.2\lib\win64.o\librdi_curl.dll
0x000007feeb3b0000 - 0x000007feeb3c8000 	C:\Labsoft\Xilinx\Vivado\2015.2\lib\win64.o\librdiconfig.dll
0x000000006e7f0000 - 0x000000006e917000 	C:\Labsoft\Xilinx\Vivado\2015.2\lib\win64.o\tcl85t.dll
0x0000000012000000 - 0x0000000012263000 	C:\Labsoft\Xilinx\Vivado\2015.2\lib\win64.o\xerces-c_3_1.dll
0x000007fefd7f0000 - 0x000007fefda59000 	C:\Windows\system32\WININET.dll
0x000007fefcd90000 - 0x000007fefcd94000 	C:\Windows\system32\api-ms-win-downlevel-user32-l1-1-0.dll
0x000007fefcda0000 - 0x000007fefcda4000 	C:\Windows\system32\api-ms-win-downlevel-shlwapi-l1-1-0.dll
0x000007fefd070000 - 0x000007fefd074000 	C:\Windows\system32\api-ms-win-downlevel-version-l1-1-0.dll
0x000007fefd090000 - 0x000007fefd093000 	C:\Windows\system32\api-ms-win-downlevel-normaliz-l1-1-0.dll
0x0000000077110000 - 0x0000000077113000 	C:\Windows\system32\normaliz.DLL
0x000007fefd0a0000 - 0x000007fefd367000 	C:\Windows\system32\iertutil.dll
0x000007fefd080000 - 0x000007fefd085000 	C:\Windows\system32\api-ms-win-downlevel-advapi32-l1-1-0.dll
0x000007fefcd40000 - 0x000007fefcd5e000 	C:\Windows\system32\USERENV.dll
0x000007fefcce0000 - 0x000007fefccef000 	C:\Windows\system32\profapi.dll
0x000007fef5cc0000 - 0x000007fef5d31000 	C:\Windows\system32\WINHTTP.dll
0x000007fef5c50000 - 0x000007fef5cb4000 	C:\Windows\system32\webio.dll
0x000007fefe1c0000 - 0x000007fefe345000 	C:\Windows\system32\urlmon.dll
0x000007fefcd60000 - 0x000007fefcd64000 	C:\Windows\system32\api-ms-win-downlevel-ole32-l1-1-0.dll
0x000007feeb220000 - 0x000007feeb243000 	C:\Windows\system32\VCOMP110.DLL
0x000007fee3070000 - 0x000007fee3081000 	C:\Labsoft\Xilinx\Vivado\2015.2\lib\win64.o\librdi_commonmain.dll
0x000007fef6df0000 - 0x000007fef6df9000 	C:\Labsoft\Xilinx\Vivado\2015.2\lib\win64.o\librdi_commonversion.dll
0x000007fefda60000 - 0x000007fefda8e000 	C:\Windows\system32\IMM32.DLL
0x000007feff140000 - 0x000007feff249000 	C:\Windows\system32\MSCTF.dll
0x000007fee10c0000 - 0x000007fee14ca000 	C:\Labsoft\Xilinx\Vivado\2015.2\lib\win64.o\librdi_commontasks.dll
0x000007fefcaf0000 - 0x000007fefcb15000 	C:\Windows\system32\SspiCli.dll
0x000007fee0b20000 - 0x000007fee10bb000 	C:\Labsoft\Xilinx\Vivado\2015.2\lib\win64.o\librdi_coretasks.dll
0x000007fee09e0000 - 0x000007fee0b1a000 	C:\Labsoft\Xilinx\Vivado\2015.2\lib\win64.o\librdi_board.dll
0x000007fee0820000 - 0x000007fee09de000 	C:\Labsoft\Xilinx\Vivado\2015.2\lib\win64.o\librdi_chipscope.dll
0x000007fee07b0000 - 0x000007fee0813000 	C:\Labsoft\Xilinx\Vivado\2015.2\lib\win64.o\liblmx6.0.dll
0x000007fedf6a0000 - 0x000007fee07ab000 	C:\Labsoft\Xilinx\Vivado\2015.2\lib\win64.o\librdi_constraints.dll
0x000007fedf640000 - 0x000007fedf69d000 	C:\Labsoft\Xilinx\Vivado\2015.2\lib\win64.o\librdi_boarddep.dll
0x000007fed8b40000 - 0x000007fedf63f000 	C:\Labsoft\Xilinx\Vivado\2015.2\lib\win64.o\librdi_device.dll
0x000007fed8af0000 - 0x000007fed8b37000 	C:\Labsoft\Xilinx\Vivado\2015.2\lib\win64.o\libboost_serialization.dll
0x000007fed82e0000 - 0x000007fed8aed000 	C:\Labsoft\Xilinx\Vivado\2015.2\lib\win64.o\libverific.dll
0x000007fed7fb0000 - 0x000007fed82dd000 	C:\Labsoft\Xilinx\Vivado\2015.2\lib\win64.o\librdi_filemgmt.dll
0x000007fed7b80000 - 0x000007fed7fa2000 	C:\Labsoft\Xilinx\Vivado\2015.2\lib\win64.o\librdi_netlist.dll
0x000007fed76f0000 - 0x000007fed7b80000 	C:\Labsoft\Xilinx\Vivado\2015.2\lib\win64.o\librdi_psta.dll
0x000007fed5f00000 - 0x000007fed76f0000 	C:\Labsoft\Xilinx\Vivado\2015.2\lib\win64.o\librdi_coregen.dll
0x000007fed5840000 - 0x000007fed5ef9000 	C:\Labsoft\Xilinx\Vivado\2015.2\lib\win64.o\librdi_coregenipxact.dll
0x000007fed21b0000 - 0x000007fed5835000 	C:\Labsoft\Xilinx\Vivado\2015.2\lib\win64.o\librdi_designutils.dll
0x000007fed1f80000 - 0x000007fed21a3000 	C:\Labsoft\Xilinx\Vivado\2015.2\lib\win64.o\librdi_bitstream.dll
0x000007fed1a40000 - 0x000007fed1f80000 	C:\Labsoft\Xilinx\Vivado\2015.2\lib\win64.o\librdi_xdm.dll
0x000007fed15a0000 - 0x000007fed1a33000 	C:\Labsoft\Xilinx\Vivado\2015.2\lib\win64.o\librdi_drc.dll
0x000007fed0cc0000 - 0x000007fed159b000 	C:\Labsoft\Xilinx\Vivado\2015.2\lib\win64.o\librdi_mig.dll
0x000007fed03b0000 - 0x000007fed0cbe000 	C:\Labsoft\Xilinx\Vivado\2015.2\lib\win64.o\librdi_timing.dll
0x000007fed01a0000 - 0x000007fed03aa000 	C:\Labsoft\Xilinx\Vivado\2015.2\lib\win64.o\librdi_dlyest.dll
0x000007fed0100000 - 0x000007fed0197000 	C:\Labsoft\Xilinx\Vivado\2015.2\lib\win64.o\libise.dll
0x000007fecead0000 - 0x000007fed00f4000 	C:\Labsoft\Xilinx\Vivado\2015.2\lib\win64.o\librdi_place.dll
0x000007fece510000 - 0x000007feceacc000 	C:\Labsoft\Xilinx\Vivado\2015.2\lib\win64.o\librdi_abc_nomp.dll
0x000007fee3050000 - 0x000007fee3069000 	C:\Labsoft\Xilinx\Vivado\2015.2\lib\win64.o\librdi_hmetis.dll
0x000007fece020000 - 0x000007fece501000 	C:\Labsoft\Xilinx\Vivado\2015.2\lib\win64.o\librdi_power.dll
0x000007fecd6c0000 - 0x000007fece019000 	C:\Labsoft\Xilinx\Vivado\2015.2\lib\win64.o\librdi_route.dll
0x000007fecd2c0000 - 0x000007fecd6bb000 	C:\Labsoft\Xilinx\Vivado\2015.2\lib\win64.o\librdi_project.dll
0x000007feccd30000 - 0x000007fecd2b5000 	C:\Labsoft\Xilinx\Vivado\2015.2\lib\win64.o\librdi_labtools.dll
0x000007feccd00000 - 0x000007feccd28000 	C:\Labsoft\Xilinx\Vivado\2015.2\lib\win64.o\librdi_commoncwebtalk.dll
0x000007fecc980000 - 0x000007fecccff000 	C:\Labsoft\Xilinx\Vivado\2015.2\lib\win64.o\librdi_wavedata.dll
0x000007fecc8f0000 - 0x000007fecc972000 	C:\Labsoft\Xilinx\Vivado\2015.2\lib\win64.o\librdi_simbridge_kernel.dll
0x000007fecc8c0000 - 0x000007fecc8ea000 	C:\Labsoft\Xilinx\Vivado\2015.2\lib\win64.o\librdi_wavedata_SimpleApi.dll
0x000007fecc6f0000 - 0x000007fecc8bf000 	C:\Labsoft\Xilinx\Vivado\2015.2\lib\win64.o\librdi_xicom_hw.dll
0x000007fefa970000 - 0x000007fefa997000 	C:\Windows\system32\IPHLPAPI.DLL
0x000007fefaa30000 - 0x000007fefaa3b000 	C:\Windows\system32\WINNSI.DLL
0x000007fecc140000 - 0x000007fecc6ea000 	C:\Labsoft\Xilinx\Vivado\2015.2\lib\win64.o\librdi_memdata.dll
0x000007fecc0f0000 - 0x000007fecc13d000 	C:\Labsoft\Xilinx\Vivado\2015.2\lib\win64.o\librdi_projectbase.dll
0x000007fecc090000 - 0x000007fecc0e9000 	C:\Labsoft\Xilinx\Vivado\2015.2\lib\win64.o\librdi_runsbase.dll
0x000007fecbc60000 - 0x000007fecc088000 	C:\Labsoft\Xilinx\Vivado\2015.2\lib\win64.o\librdi_rsb.dll
0x000007fecbc10000 - 0x000007fecbc53000 	C:\Labsoft\Xilinx\Vivado\2015.2\lib\win64.o\librdi_hdf.dll
0x000007fecba50000 - 0x000007fecbc0a000 	C:\Labsoft\Xilinx\Vivado\2015.2\lib\win64.o\librdi_ippcw.dll
0x000007fecb7f0000 - 0x000007fecba46000 	C:\Labsoft\Xilinx\Vivado\2015.2\lib\win64.o\librdi_runs.dll
0x000007fec9ff0000 - 0x000007fecb7ea000 	C:\Labsoft\Xilinx\Vivado\2015.2\lib\win64.o\librdi_synth.dll
0x000007fec9fd0000 - 0x000007fec9fe9000 	C:\Labsoft\Xilinx\Vivado\2015.2\lib\win64.o\librdi_bmg.dll
0x000007fec86a0000 - 0x000007fec9fcc000 	C:\Labsoft\Xilinx\Vivado\2015.2\lib\win64.o\librdi_tcltasks.dll
0x000007fec8600000 - 0x000007fec869e000 	C:\Labsoft\Xilinx\Vivado\2015.2\lib\win64.o\librdi_dsp.dll

VM Arguments:
jvm_args: -Dsun.java2d.pmoffscreen=false -Dsun.java2d.d3d=false -Dsun.awt.nopixfmt=true -Xverify:none -Dswing.aatext=true -XX:-UsePerfData -Djdk.map.althashing.threshold=512 -XX:StringTableSize=4072 -Djava.util.Arrays.useLegacyMergeSort=true -XX:NewSize=60m -XX:MaxNewSize=60m -Xms128m -Xmx3072m -Xss5m 
java_command: <unknown>
java_class_path (initial): C:/Labsoft/Xilinx/Vivado/2015.2\lib\classes\alloy.jar;C:/Labsoft/Xilinx/Vivado/2015.2\lib\classes\antlr-2.7.7.jar;C:/Labsoft/Xilinx/Vivado/2015.2\lib\classes\batik-anim.jar;C:/Labsoft/Xilinx/Vivado/2015.2\lib\classes\batik-awt-util.jar;C:/Labsoft/Xilinx/Vivado/2015.2\lib\classes\batik-bridge.jar;C:/Labsoft/Xilinx/Vivado/2015.2\lib\classes\batik-codec.jar;C:/Labsoft/Xilinx/Vivado/2015.2\lib\classes\batik-css.jar;C:/Labsoft/Xilinx/Vivado/2015.2\lib\classes\batik-dom.jar;C:/Labsoft/Xilinx/Vivado/2015.2\lib\classes\batik-ext.jar;C:/Labsoft/Xilinx/Vivado/2015.2\lib\classes\batik-gui-util.jar;C:/Labsoft/Xilinx/Vivado/2015.2\lib\classes\batik-gvt.jar;C:/Labsoft/Xilinx/Vivado/2015.2\lib\classes\batik-parser.jar;C:/Labsoft/Xilinx/Vivado/2015.2\lib\classes\batik-script.jar;C:/Labsoft/Xilinx/Vivado/2015.2\lib\classes\batik-svg-dom.jar;C:/Labsoft/Xilinx/Vivado/2015.2\lib\classes\batik-swing.jar;C:/Labsoft/Xilinx/Vivado/2015.2\lib\classes\batik-transcoder.jar;C:/Labsoft/Xilinx/Vivado/2015.2\lib\classes\batik-util.jar;C:/Labsoft/Xilinx/Vivado/2015.2\lib\classes\batik-xml.jar;C:/Labsoft/Xilinx/Vivado/2015.2\lib\classes\commons-logging.jar;C:/Labsoft/Xilinx/Vivado/2015.2\lib\classes\commons-math-2.2.jar;C:/Labsoft/Xilinx/Vivado/2015.2\lib\classes\dom4j-1.6.1.jar;C:/Labsoft/Xilinx/Vivado/2015.2\lib\classes\forms.jar;C:/Labsoft/Xilinx/Vivado/2015.2\lib\classes\guava-15.0.jar;C:/Labsoft/Xilinx/Vivado/2015.2\lib\classes\hsqldb.jar;C:/Labsoft/Xilinx/Vivado/2015.2\lib\classes\jdom.jar;C:/Labsoft/Xilinx/Vivado/2015.2\lib\classes\jide-action.jar;C:/Labsoft/Xilinx/Vivado/2015.2\lib\classes\jide-charts.jar;C:/Labsoft/Xilinx/Vivado/2015.2\lib\classes\jide-common.jar;C:/Labsoft/Xilinx/Vivado/2015.2\lib\classes\jide-components.jar;C:/Labsoft/Xilinx/Vivado/2015.2\lib\classes\jide-dashboard.jar;C:/Labsoft/Xilinx/Vivado/2015.2\lib\classes\jide-data.jar;C:/Labsoft/Xilinx/Vivado/2015.2\lib\classes\jide-dialogs.jar;C:/Labsoft/Xilinx/Vivado/2015.2\lib\classes\jide-diff.jar
Launcher Type: generic

Environment Variables:
PATH=C:/Labsoft/Xilinx/Vivado/2015.2/bin;C:/Labsoft/Xilinx/Vivado/2015.2/lib/win64.o;C:/Labsoft/Xilinx/Vivado/2015.2/tps/win64/jre/bin/server;C:/Labsoft/Xilinx/Vivado/2015.2/tps/win64/jre/bin;C:/Labsoft/Xilinx/Vivado/2015.2/ids_lite/ISE/bin/nt64;C:/Labsoft/Xilinx/Vivado/2015.2/ids_lite/ISE/lib/nt64;C:\Program Files (x86)\AMD APP\bin\x86_64;C:\Program Files (x86)\AMD APP\bin\x86;C:\Program Files (x86)\Intel\iCLS Client\;C:\Program Files\Intel\iCLS Client\;C:\Windows\system32;C:\Windows;C:\Windows\System32\Wbem;C:\Windows\System32\WindowsPowerShell\v1.0\;C:\Program Files\Intel\Intel(R) Management Engine Components\DAL;C:\Program Files\Intel\Intel(R) Management Engine Components\IPT;C:\Program Files (x86)\Intel\Intel(R) Management Engine Components\DAL;C:\Program Files (x86)\Intel\Intel(R) Management Engine Components\IPT;C:\Program Files (x86)\ATI Technologies\ATI.ACE\Core-Static;C:\Program Files\Microsoft Office\Office14;C:\Program Files (x86)\Microsoft Office\Office14;C:\Program Files (x86)\Enterprise Vault\EVClient\x64\
USERNAME=Student
OS=Windows_NT
PROCESSOR_IDENTIFIER=Intel64 Family 6 Model 60 Stepping 3, GenuineIntel



---------------  S Y S T E M  ---------------

OS: Windows 7 , 64 bit Build 7601 Service Pack 1

CPU:total 4 (4 cores per cpu, 1 threads per core) family 6 model 60 stepping 3, cmov, cx8, fxsr, mmx, sse, sse2, sse3, ssse3, sse4.1, sse4.2, popcnt, avx, avx2, aes, clmul, erms, lzcnt, tsc, tscinvbit, bmi1, bmi2

Memory: 4k page, physical 8329412k(6308332k free), swap 16656988k(14212620k free)

vm_info: Java HotSpot(TM) 64-Bit Server VM (25.25-b02) for windows-amd64 JRE (1.8.0_25-b18), built on Oct  7 2014 14:25:37 by "java_re" with MS VC++ 10.0 (VS2010)

time: Tue Oct 20 15:16:52 2015
elapsed time: 1971 seconds (0d 0h 32m 51s)

